<?xml version="1.0" encoding="UTF-8"?>
<testng-results ignored="2" total="8" passed="6" failed="0" skipped="0">
  <reporter-output>
  </reporter-output>
  <suite started-at="2024-06-26T10:45:59 IST" name="LoginSuite" finished-at="2024-06-26T10:51:07 IST" duration-ms="308338">
    <groups>
    </groups>
    <test started-at="2024-06-26T10:45:59 IST" name="LoginFunctionalityTest" finished-at="2024-06-26T10:49:20 IST" duration-ms="201590">
      <class name="test.Loginpagetest">
        <test-method is-config="true" signature="IntiliazeBrowser()[pri:0, instance:test.Loginpagetest@694abbdc]" started-at="2024-06-26T10:46:17 IST" name="IntiliazeBrowser" finished-at="2024-06-26T10:47:12 IST" duration-ms="54438" status="PASS">
          <reporter-output>
          </reporter-output>
        </test-method> <!-- IntiliazeBrowser -->
        <test-method is-config="true" signature="setup()[pri:0, instance:test.Loginpagetest@694abbdc]" started-at="2024-06-26T10:47:12 IST" name="setup" finished-at="2024-06-26T10:47:13 IST" duration-ms="1362" status="PASS">
          <reporter-output>
          </reporter-output>
        </test-method> <!-- setup -->
        <test-method signature="verifyLoginFunctionality(java.lang.String,java.lang.String,java.lang.String,java.lang.String)[pri:0, instance:test.Loginpagetest@694abbdc]" started-at="2024-06-26T10:47:13 IST" name="verifyLoginFunctionality" data-provider="credential" finished-at="2024-06-26T10:47:19 IST" duration-ms="6013" status="PASS">
          <params>
            <param index="0">
              <value>
                <![CDATA[valid]]>
              </value>
            </param>
            <param index="1">
              <value>
                <![CDATA[standard_user]]>
              </value>
            </param>
            <param index="2">
              <value>
                <![CDATA[secret_sauce]]>
              </value>
            </param>
            <param index="3">
              <value>
                <![CDATA[https://www.saucedemo.com/v1/inventory.html]]>
              </value>
            </param>
          </params>
          <reporter-output>
          </reporter-output>
        </test-method> <!-- verifyLoginFunctionality -->
        <test-method is-config="true" signature="TCfailure(org.testng.ITestResult)[pri:0, instance:test.Loginpagetest@694abbdc]" started-at="2024-06-26T10:47:19 IST" name="TCfailure" finished-at="2024-06-26T10:47:19 IST" duration-ms="5" status="PASS">
          <params>
            <param index="0">
              <value>
                <![CDATA[[TestResult name=verifyLoginFunctionality status=SUCCESS method=Loginpagetest.verifyLoginFunctionality(java.lang.String,java.lang.String,java.lang.String,java.lang.String)[pri:0, instance:test.Loginpagetest@694abbdc] output={null}]]]>
              </value>
            </param>
          </params>
          <reporter-output>
          </reporter-output>
        </test-method> <!-- TCfailure -->
        <test-method is-config="true" signature="tearDown()[pri:0, instance:test.Loginpagetest@694abbdc]" started-at="2024-06-26T10:47:19 IST" name="tearDown" finished-at="2024-06-26T10:47:31 IST" duration-ms="11943" status="PASS">
          <reporter-output>
          </reporter-output>
        </test-method> <!-- tearDown -->
        <test-method is-config="true" signature="IntiliazeBrowser()[pri:0, instance:test.Loginpagetest@694abbdc]" started-at="2024-06-26T10:47:31 IST" name="IntiliazeBrowser" finished-at="2024-06-26T10:47:57 IST" duration-ms="25883" status="PASS">
          <reporter-output>
          </reporter-output>
        </test-method> <!-- IntiliazeBrowser -->
        <test-method is-config="true" signature="setup()[pri:0, instance:test.Loginpagetest@694abbdc]" started-at="2024-06-26T10:47:57 IST" name="setup" finished-at="2024-06-26T10:47:57 IST" duration-ms="4" status="PASS">
          <reporter-output>
          </reporter-output>
        </test-method> <!-- setup -->
        <test-method signature="verifyLoginFunctionality(java.lang.String,java.lang.String,java.lang.String,java.lang.String)[pri:0, instance:test.Loginpagetest@694abbdc]" started-at="2024-06-26T10:47:57 IST" name="verifyLoginFunctionality" data-provider="credential" finished-at="2024-06-26T10:48:00 IST" duration-ms="2776" status="PASS">
          <params>
            <param index="0">
              <value>
                <![CDATA[invalid]]>
              </value>
            </param>
            <param index="1">
              <value>
                <![CDATA[ABCD]]>
              </value>
            </param>
            <param index="2">
              <value>
                <![CDATA[XYZ]]>
              </value>
            </param>
            <param index="3">
              <value>
                <![CDATA[Epic sadface: Username and password do not match any user in this service]]>
              </value>
            </param>
          </params>
          <reporter-output>
          </reporter-output>
        </test-method> <!-- verifyLoginFunctionality -->
        <test-method is-config="true" signature="TCfailure(org.testng.ITestResult)[pri:0, instance:test.Loginpagetest@694abbdc]" started-at="2024-06-26T10:48:00 IST" name="TCfailure" finished-at="2024-06-26T10:48:00 IST" duration-ms="2" status="PASS">
          <params>
            <param index="0">
              <value>
                <![CDATA[[TestResult name=verifyLoginFunctionality status=SUCCESS method=Loginpagetest.verifyLoginFunctionality(java.lang.String,java.lang.String,java.lang.String,java.lang.String)[pri:0, instance:test.Loginpagetest@694abbdc] output={null}]]]>
              </value>
            </param>
          </params>
          <reporter-output>
          </reporter-output>
        </test-method> <!-- TCfailure -->
        <test-method is-config="true" signature="tearDown()[pri:0, instance:test.Loginpagetest@694abbdc]" started-at="2024-06-26T10:48:00 IST" name="tearDown" finished-at="2024-06-26T10:48:09 IST" duration-ms="9638" status="PASS">
          <reporter-output>
          </reporter-output>
        </test-method> <!-- tearDown -->
        <test-method is-config="true" signature="IntiliazeBrowser()[pri:0, instance:test.Loginpagetest@694abbdc]" started-at="2024-06-26T10:48:09 IST" name="IntiliazeBrowser" finished-at="2024-06-26T10:48:38 IST" duration-ms="28531" status="PASS">
          <reporter-output>
          </reporter-output>
        </test-method> <!-- IntiliazeBrowser -->
        <test-method is-config="true" signature="setup()[pri:0, instance:test.Loginpagetest@694abbdc]" started-at="2024-06-26T10:48:38 IST" name="setup" finished-at="2024-06-26T10:48:38 IST" duration-ms="18" status="PASS">
          <reporter-output>
          </reporter-output>
        </test-method> <!-- setup -->
        <test-method signature="verifyLoginFunctionality(java.lang.String,java.lang.String,java.lang.String,java.lang.String)[pri:0, instance:test.Loginpagetest@694abbdc]" started-at="2024-06-26T10:48:38 IST" name="verifyLoginFunctionality" data-provider="credential" finished-at="2024-06-26T10:48:41 IST" duration-ms="2786" status="PASS">
          <params>
            <param index="0">
              <value>
                <![CDATA[empty]]>
              </value>
            </param>
            <param index="1">
              <value>
                <![CDATA[]]>
              </value>
            </param>
            <param index="2">
              <value>
                <![CDATA[]]>
              </value>
            </param>
            <param index="3">
              <value>
                <![CDATA[Epic sadface: Username is required]]>
              </value>
            </param>
          </params>
          <reporter-output>
          </reporter-output>
        </test-method> <!-- verifyLoginFunctionality -->
        <test-method is-config="true" signature="TCfailure(org.testng.ITestResult)[pri:0, instance:test.Loginpagetest@694abbdc]" started-at="2024-06-26T10:48:41 IST" name="TCfailure" finished-at="2024-06-26T10:48:41 IST" duration-ms="2" status="PASS">
          <params>
            <param index="0">
              <value>
                <![CDATA[[TestResult name=verifyLoginFunctionality status=SUCCESS method=Loginpagetest.verifyLoginFunctionality(java.lang.String,java.lang.String,java.lang.String,java.lang.String)[pri:0, instance:test.Loginpagetest@694abbdc] output={null}]]]>
              </value>
            </param>
          </params>
          <reporter-output>
          </reporter-output>
        </test-method> <!-- TCfailure -->
        <test-method is-config="true" signature="tearDown()[pri:0, instance:test.Loginpagetest@694abbdc]" started-at="2024-06-26T10:48:41 IST" name="tearDown" finished-at="2024-06-26T10:48:45 IST" duration-ms="4150" status="PASS">
          <reporter-output>
          </reporter-output>
        </test-method> <!-- tearDown -->
        <test-method is-config="true" signature="IntiliazeBrowser()[pri:0, instance:test.Loginpagetest@694abbdc]" started-at="2024-06-26T10:48:45 IST" name="IntiliazeBrowser" finished-at="2024-06-26T10:49:13 IST" duration-ms="28072" status="PASS">
          <reporter-output>
          </reporter-output>
        </test-method> <!-- IntiliazeBrowser -->
        <test-method is-config="true" signature="setup()[pri:0, instance:test.Loginpagetest@694abbdc]" started-at="2024-06-26T10:49:13 IST" name="setup" finished-at="2024-06-26T10:49:13 IST" duration-ms="4" status="PASS">
          <reporter-output>
          </reporter-output>
        </test-method> <!-- setup -->
        <test-method signature="verifyLoginFunctionality(java.lang.String,java.lang.String,java.lang.String,java.lang.String)[pri:0, instance:test.Loginpagetest@694abbdc]" started-at="2024-06-26T10:49:13 IST" name="verifyLoginFunctionality" data-provider="credential" finished-at="2024-06-26T10:49:15 IST" duration-ms="1833" status="PASS">
          <params>
            <param index="0">
              <value>
                <![CDATA[emptyPWD]]>
              </value>
            </param>
            <param index="1">
              <value>
                <![CDATA[standard_user]]>
              </value>
            </param>
            <param index="2">
              <value>
                <![CDATA[]]>
              </value>
            </param>
            <param index="3">
              <value>
                <![CDATA[Epic sadface: Password is required]]>
              </value>
            </param>
          </params>
          <reporter-output>
          </reporter-output>
        </test-method> <!-- verifyLoginFunctionality -->
        <test-method is-config="true" signature="TCfailure(org.testng.ITestResult)[pri:0, instance:test.Loginpagetest@694abbdc]" started-at="2024-06-26T10:49:15 IST" name="TCfailure" finished-at="2024-06-26T10:49:15 IST" duration-ms="0" status="PASS">
          <params>
            <param index="0">
              <value>
                <![CDATA[[TestResult name=verifyLoginFunctionality status=SUCCESS method=Loginpagetest.verifyLoginFunctionality(java.lang.String,java.lang.String,java.lang.String,java.lang.String)[pri:0, instance:test.Loginpagetest@694abbdc] output={null}]]]>
              </value>
            </param>
          </params>
          <reporter-output>
          </reporter-output>
        </test-method> <!-- TCfailure -->
        <test-method is-config="true" signature="tearDown()[pri:0, instance:test.Loginpagetest@694abbdc]" started-at="2024-06-26T10:49:15 IST" name="tearDown" finished-at="2024-06-26T10:49:20 IST" duration-ms="5312" status="PASS">
          <reporter-output>
          </reporter-output>
        </test-method> <!-- tearDown -->
      </class> <!-- test.Loginpagetest -->
    </test> <!-- LoginFunctionalityTest -->
    <test started-at="2024-06-26T10:49:28 IST" name="ProductFunctionalityTest" finished-at="2024-06-26T10:50:08 IST" duration-ms="40127">
      <class name="test.Productpagetest">
        <test-method is-config="true" signature="IntiliazeBrowser()[pri:0, instance:test.Productpagetest@7c7b252e]" started-at="2024-06-26T10:49:28 IST" name="IntiliazeBrowser" finished-at="2024-06-26T10:49:51 IST" duration-ms="23276" status="PASS">
          <reporter-output>
          </reporter-output>
        </test-method> <!-- IntiliazeBrowser -->
        <test-method is-config="true" signature="setup()[pri:0, instance:test.Productpagetest@7c7b252e]" started-at="2024-06-26T10:49:51 IST" name="setup" finished-at="2024-06-26T10:49:51 IST" duration-ms="68" status="PASS">
          <reporter-output>
          </reporter-output>
        </test-method> <!-- setup -->
        <test-method signature="logoutFunctionality()[pri:0, instance:test.Productpagetest@7c7b252e]" started-at="2024-06-26T10:49:51 IST" name="logoutFunctionality" finished-at="2024-06-26T10:50:00 IST" duration-ms="8479" status="PASS">
          <reporter-output>
          </reporter-output>
        </test-method> <!-- logoutFunctionality -->
        <test-method is-config="true" signature="TCfailure(org.testng.ITestResult)[pri:0, instance:test.Productpagetest@7c7b252e]" started-at="2024-06-26T10:50:00 IST" name="TCfailure" finished-at="2024-06-26T10:50:00 IST" duration-ms="2" status="PASS">
          <params>
            <param index="0">
              <value>
                <![CDATA[[TestResult name=logoutFunctionality status=SUCCESS method=Productpagetest.logoutFunctionality()[pri:0, instance:test.Productpagetest@7c7b252e] output={null}]]]>
              </value>
            </param>
          </params>
          <reporter-output>
          </reporter-output>
        </test-method> <!-- TCfailure -->
        <test-method is-config="true" signature="tearDown()[pri:0, instance:test.Productpagetest@7c7b252e]" started-at="2024-06-26T10:50:00 IST" name="tearDown" finished-at="2024-06-26T10:50:08 IST" duration-ms="8117" status="PASS">
          <reporter-output>
          </reporter-output>
        </test-method> <!-- tearDown -->
      </class> <!-- test.Productpagetest -->
    </test> <!-- ProductFunctionalityTest -->
    <test started-at="2024-06-26T10:50:09 IST" name="CheckOutFunctionalityTest" finished-at="2024-06-26T10:51:07 IST" duration-ms="58512">
      <class name="test.Checkoutpagetest">
        <test-method is-config="true" signature="IntiliazeBrowser()[pri:0, instance:test.Checkoutpagetest@1aafa419]" started-at="2024-06-26T10:50:09 IST" name="IntiliazeBrowser" finished-at="2024-06-26T10:50:37 IST" duration-ms="28119" status="PASS">
          <reporter-output>
          </reporter-output>
        </test-method> <!-- IntiliazeBrowser -->
        <test-method is-config="true" signature="setup()[pri:0, instance:test.Checkoutpagetest@1aafa419]" started-at="2024-06-26T10:50:37 IST" name="setup" finished-at="2024-06-26T10:50:37 IST" duration-ms="62" status="PASS">
          <reporter-output>
          </reporter-output>
        </test-method> <!-- setup -->
        <test-method signature="checkoutFunctionality()[pri:0, instance:test.Checkoutpagetest@1aafa419]" started-at="2024-06-26T10:50:37 IST" name="checkoutFunctionality" finished-at="2024-06-26T10:50:58 IST" duration-ms="21497" status="PASS">
          <reporter-output>
          </reporter-output>
        </test-method> <!-- checkoutFunctionality -->
        <test-method is-config="true" signature="TCfailure(org.testng.ITestResult)[pri:0, instance:test.Checkoutpagetest@1aafa419]" started-at="2024-06-26T10:50:58 IST" name="TCfailure" finished-at="2024-06-26T10:50:58 IST" duration-ms="0" status="PASS">
          <params>
            <param index="0">
              <value>
                <![CDATA[[TestResult name=checkoutFunctionality status=SUCCESS method=Checkoutpagetest.checkoutFunctionality()[pri:0, instance:test.Checkoutpagetest@1aafa419] output={null}]]]>
              </value>
            </param>
          </params>
          <reporter-output>
          </reporter-output>
        </test-method> <!-- TCfailure -->
        <test-method is-config="true" signature="tearDown()[pri:0, instance:test.Checkoutpagetest@1aafa419]" started-at="2024-06-26T10:50:58 IST" name="tearDown" finished-at="2024-06-26T10:51:07 IST" duration-ms="8771" status="PASS">
          <reporter-output>
          </reporter-output>
        </test-method> <!-- tearDown -->
      </class> <!-- test.Checkoutpagetest -->
    </test> <!-- CheckOutFunctionalityTest -->
  </suite> <!-- LoginSuite -->
</testng-results>
