<?xml version="1.0" encoding="UTF-8"?>
<!-- Generated by org.testng.reporters.JUnitXMLReporter -->
<testsuite ignored="2" hostname="yuvaraj" failures="0" tests="4" name="LoginFunctionalityTest" time="201.59" errors="0" timestamp="2024-06-26T10:49:20 IST">
  <testcase classname="test.Loginpagetest" name="verifyLoginFunctionality" time="6.013"/>
  <testcase classname="test.Loginpagetest" name="verifyLoginFunctionality" time="2.776"/>
  <testcase classname="test.Loginpagetest" name="verifyLoginFunctionality" time="2.786"/>
  <testcase classname="test.Loginpagetest" name="verifyLoginFunctionality" time="1.833"/>
  <testcase classname="test.Loginpagetest" name="verifyURL" time="0.0">
    <ignored/>
  </testcase> <!-- verifyURL -->
  <testcase classname="test.Loginpagetest" name="verifyLogo" time="0.0">
    <ignored/>
  </testcase> <!-- verifyLogo -->
</testsuite> <!-- LoginFunctionalityTest -->
