<?xml version="1.0" encoding="UTF-8"?>
<!-- Generated by org.testng.reporters.JUnitXMLReporter -->
<testsuite ignored="2" hostname="yuvaraj" failures="0" tests="5" name="LoginFunctionalityTest" time="125.855" errors="0" timestamp="2024-06-21T14:08:30 IST">
  <testcase classname="test.Loginpagetest" name="verifyLoginFunctionality" time="2.715"/>
  <testcase classname="test.Loginpagetest" name="verifyLoginFunctionality" time="1.059"/>
  <testcase classname="test.Loginpagetest" name="verifyLoginFunctionality" time="0.869"/>
  <testcase classname="test.Loginpagetest" name="verifyLoginFunctionality" time="1.829"/>
  <testcase classname="test.Loginpagetest" name="verifyLoginFunctionality" time="1.13"/>
  <testcase classname="test.Loginpagetest" name="verifyURL" time="0.0">
    <ignored/>
  </testcase> <!-- verifyURL -->
  <testcase classname="test.Loginpagetest" name="verifyLogo" time="0.0">
    <ignored/>
  </testcase> <!-- verifyLogo -->
</testsuite> <!-- LoginFunctionalityTest -->
